Using pre-set license
Built from '2020.3/release' branch; Version is '2020.3.1f1 (77a89f25062f) revision 7841951'; Using compiler version '192528614'; Build Type 'Release'
OS: 'Windows 10 Pro; OS build 19042.1526; Version 2009; 64bit' Language: 'es' Physical Memory: 16334 MB
BatchMode: 1, IsHumanControllingUs: 0, StartBugReporterOnCrash: 0, Is64bit: 1, IsPro: 0

 COMMAND LINE ARGUMENTS:
C:\Program Files\Unity\Hub\Editor\2020.3.1f1\Editor\Unity.exe
-adb2
-batchMode
-noUpm
-name
AssetImportWorker1
-projectPath
E:/2ยบ Ani/DEIM/PR_ZAXXON/PR_ZAXXON/PR_ZAXXON_IvanQuesada
-logFile
Logs/AssetImportWorker1.log
-srvPort
57505
Successfully changed project path to: E:/2ยบ Ani/DEIM/PR_ZAXXON/PR_ZAXXON/PR_ZAXXON_IvanQuesada
E:/2ยบ Ani/DEIM/PR_ZAXXON/PR_ZAXXON/PR_ZAXXON_IvanQuesada
Using Asset Import Pipeline V2.
Refreshing native plugins compatible for Editor in 20.58 ms, found 0 plugins.
Preloading 0 native plugins for Editor in 0.00 ms.
Initialize engine version: 2020.3.1f1 (77a89f25062f)
[Subsystems] Discovering subsystems at path C:/Program Files/Unity/Hub/Editor/2020.3.1f1/Editor/Data/Resources/UnitySubsystems
[Subsystems] Discovering subsystems at path E:/2ยบ Ani/DEIM/PR_ZAXXON/PR_ZAXXON/PR_ZAXXON_IvanQuesada/Assets
GfxDevice: creating device client; threaded=0
Direct3D:
    Version:  Direct3D 11.0 [level 11.1]
    Renderer: AMD Radeon RX 5700 XT (ID=0x731f)
    Vendor:   
    VRAM:     8151 MB
    Driver:   30.0.14029.1011
Initialize mono
Mono path[0] = 'C:/Program Files/Unity/Hub/Editor/2020.3.1f1/Editor/Data/Managed'
Mono path[1] = 'C:/Program Files/Unity/Hub/Editor/2020.3.1f1/Editor/Data/MonoBleedingEdge/lib/mono/unityjit'
Mono config path = 'C:/Program Files/Unity/Hub/Editor/2020.3.1f1/Editor/Data/MonoBleedingEdge/etc'
Using monoOptions --debugger-agent=transport=dt_socket,embedding=1,server=y,suspend=n,address=127.0.0.1:56272
Begin MonoManager ReloadAssembly
Registering precompiled unity dll's ...
Register platform support module: C:/Program Files/Unity/Hub/Editor/2020.3.1f1/Editor/Data/PlaybackEngines/WindowsStandaloneSupport/UnityEditor.WindowsStandalone.Extensions.dll
Registered in 0.001815 seconds.
Native extension for WindowsStandalone target not found
Refreshing native plugins compatible for Editor in 21.26 ms, found 0 plugins.
Preloading 0 native plugins for Editor in 0.00 ms.
Invoked RoslynAnalysisRunner static constructor.
RoslynAnalysisRunner will not be running.
RoslynAnalysisRunner has terminated.
Mono: successfully reloaded assembly
- Completed reload, in 20.311 seconds
Platform modules already initialized, skipping
Registering precompiled user dll's ...
Registered in 0.000545 seconds.
Begin MonoManager ReloadAssembly
Native extension for WindowsStandalone target not found
Refreshing native plugins compatible for Editor in 0.25 ms, found 0 plugins.
Preloading 0 native plugins for Editor in 0.00 ms.
Invoked RoslynAnalysisRunner static constructor.
RoslynAnalysisRunner will not be running.
RoslynAnalysisRunner has terminated.
Mono: successfully reloaded assembly
- Completed reload, in  0.734 seconds
Platform modules already initialized, skipping
========================================================================
Worker process is ready to serve import requests
Launched and connected shader compiler UnityShaderCompiler.exe after 0.20 seconds
Refreshing native plugins compatible for Editor in 0.25 ms, found 0 plugins.
Preloading 0 native plugins for Editor in 0.00 ms.
Unloading 1160 Unused Serialized files (Serialized files now loaded: 0)
System memory in use before: 130.1 MB.
System memory in use after: 130.2 MB.

Unloading 10 unused Assets to reduce memory usage. Loaded Objects now: 1611.
Total: 1.840200 ms (FindLiveObjects: 0.219300 ms CreateObjectMapping: 0.038500 ms MarkObjects: 1.481300 ms  DeleteObjects: 0.100000 ms)

========================================================================
Received Import Request.
  path: Assets/Scenes/HighScores.unity
  artifactKey: Guid(975a9b6d78315a144bd509ad8ba47e14) Importer(815301076,1909f56bfc062723c751e8b465ee728b)
Start importing Assets/Scenes/HighScores.unity using Guid(975a9b6d78315a144bd509ad8ba47e14) Importer(815301076,1909f56bfc062723c751e8b465ee728b)  -> (artifact id: '98946910a85519b3427d9346ec69314b') in 0.014167 seconds
  Import took 0.111390 seconds .

========================================================================
Received Import Request.
  Time since last request: 0.000214 seconds.
  path: Assets/Scenes/Juego.unity
  artifactKey: Guid(9fc0d4010bbf28b4594072e72b8655ab) Importer(815301076,1909f56bfc062723c751e8b465ee728b)
Start importing Assets/Scenes/Juego.unity using Guid(9fc0d4010bbf28b4594072e72b8655ab) Importer(815301076,1909f56bfc062723c751e8b465ee728b)  -> (artifact id: '011b9d3962b53468e8367080b5f5c856') in 0.008296 seconds
  Import took 0.011321 seconds .

========================================================================
Received Prepare
Registering precompiled user dll's ...
Registered in 0.000549 seconds.
Begin MonoManager ReloadAssembly
Native extension for WindowsStandalone target not found
Refreshing native plugins compatible for Editor in 0.28 ms, found 0 plugins.
Preloading 0 native plugins for Editor in 0.00 ms.
Invoked RoslynAnalysisRunner static constructor.
RoslynAnalysisRunner will not be running.
RoslynAnalysisRunner has terminated.
Mono: successfully reloaded assembly
- Completed reload, in  0.641 seconds
Platform modules already initialized, skipping
Refreshing native plugins compatible for Editor in 0.26 ms, found 0 plugins.
Preloading 0 native plugins for Editor in 0.00 ms.
Unloading 1155 Unused Serialized files (Serialized files now loaded: 0)
System memory in use before: 130.1 MB.
System memory in use after: 130.1 MB.

Unloading 5 unused Assets to reduce memory usage. Loaded Objects now: 1614.
Total: 1.559900 ms (FindLiveObjects: 0.173000 ms CreateObjectMapping: 0.024400 ms MarkObjects: 1.305500 ms  DeleteObjects: 0.055800 ms)

========================================================================
Received Import Request.
  Time since last request: 256.227326 seconds.
  path: Assets/Scenes/HighScores.unity
  artifactKey: Guid(975a9b6d78315a144bd509ad8ba47e14) Importer(815301076,1909f56bfc062723c751e8b465ee728b)
Start importing Assets/Scenes/HighScores.unity using Guid(975a9b6d78315a144bd509ad8ba47e14) Importer(815301076,1909f56bfc062723c751e8b465ee728b)  -> (artifact id: '5cd1aa5d72c6d16f1b5525d76442fad5') in 0.013608 seconds
  Import took 0.015744 seconds .

========================================================================
Received Import Request.
  Time since last request: 5.681507 seconds.
  path: Assets/Scenes/Juego.unity
  artifactKey: Guid(9fc0d4010bbf28b4594072e72b8655ab) Importer(815301076,1909f56bfc062723c751e8b465ee728b)
Start importing Assets/Scenes/Juego.unity using Guid(9fc0d4010bbf28b4594072e72b8655ab) Importer(815301076,1909f56bfc062723c751e8b465ee728b)  -> (artifact id: '38950ab9db92b2a2a77d2645689c022b') in 0.004323 seconds
  Import took 0.006430 seconds .

========================================================================
Received Prepare
Registering precompiled user dll's ...
Registered in 0.000665 seconds.
Begin MonoManager ReloadAssembly
Native extension for WindowsStandalone target not found
Refreshing native plugins compatible for Editor in 0.27 ms, found 0 plugins.
Preloading 0 native plugins for Editor in 0.00 ms.
Invoked RoslynAnalysisRunner static constructor.
RoslynAnalysisRunner will not be running.
RoslynAnalysisRunner has terminated.
Mono: successfully reloaded assembly
- Completed reload, in  0.652 seconds
Platform modules already initialized, skipping
Refreshing native plugins compatible for Editor in 0.25 ms, found 0 plugins.
Preloading 0 native plugins for Editor in 0.00 ms.
Unloading 1155 Unused Serialized files (Serialized files now loaded: 0)
System memory in use before: 130.1 MB.
System memory in use after: 130.2 MB.

Unloading 5 unused Assets to reduce memory usage. Loaded Objects now: 1617.
Total: 1.762300 ms (FindLiveObjects: 0.293800 ms CreateObjectMapping: 0.042300 ms MarkObjects: 1.366400 ms  DeleteObjects: 0.058600 ms)

========================================================================
Received Prepare
Registering precompiled user dll's ...
Registered in 0.000546 seconds.
Begin MonoManager ReloadAssembly
Native extension for WindowsStandalone target not found
Refreshing native plugins compatible for Editor in 0.26 ms, found 0 plugins.
Preloading 0 native plugins for Editor in 0.00 ms.
Invoked RoslynAnalysisRunner static constructor.
RoslynAnalysisRunner will not be running.
RoslynAnalysisRunner has terminated.
Mono: successfully reloaded assembly
- Completed reload, in  0.622 seconds
Platform modules already initialized, skipping
Refreshing native plugins compatible for Editor in 0.25 ms, found 0 plugins.
Preloading 0 native plugins for Editor in 0.00 ms.
Unloading 1155 Unused Serialized files (Serialized files now loaded: 0)
System memory in use before: 130.1 MB.
System memory in use after: 130.2 MB.

Unloading 5 unused Assets to reduce memory usage. Loaded Objects now: 1620.
Total: 1.550500 ms (FindLiveObjects: 0.174900 ms CreateObjectMapping: 0.025500 ms MarkObjects: 1.298100 ms  DeleteObjects: 0.051100 ms)

========================================================================
Received Prepare
Registering precompiled user dll's ...
Registered in 0.000656 seconds.
Begin MonoManager ReloadAssembly
Native extension for WindowsStandalone target not found
Refreshing native plugins compatible for Editor in 0.28 ms, found 0 plugins.
Preloading 0 native plugins for Editor in 0.00 ms.
Invoked RoslynAnalysisRunner static constructor.
RoslynAnalysisRunner will not be running.
RoslynAnalysisRunner has terminated.
Mono: successfully reloaded assembly
- Completed reload, in  0.640 seconds
Platform modules already initialized, skipping
Refreshing native plugins compatible for Editor in 0.25 ms, found 0 plugins.
Preloading 0 native plugins for Editor in 0.00 ms.
Unloading 1155 Unused Serialized files (Serialized files now loaded: 0)
System memory in use before: 130.1 MB.
System memory in use after: 130.2 MB.

Unloading 5 unused Assets to reduce memory usage. Loaded Objects now: 1623.
Total: 1.609500 ms (FindLiveObjects: 0.166100 ms CreateObjectMapping: 0.027600 ms MarkObjects: 1.368700 ms  DeleteObjects: 0.046200 ms)

========================================================================
Received Prepare
Registering precompiled user dll's ...
Registered in 0.000685 seconds.
Begin MonoManager ReloadAssembly
Native extension for WindowsStandalone target not found
Refreshing native plugins compatible for Editor in 0.38 ms, found 0 plugins.
Preloading 0 native plugins for Editor in 0.00 ms.
Invoked RoslynAnalysisRunner static constructor.
RoslynAnalysisRunner will not be running.
RoslynAnalysisRunner has terminated.
Mono: successfully reloaded assembly
- Completed reload, in  0.647 seconds
Platform modules already initialized, skipping
Refreshing native plugins compatible for Editor in 0.28 ms, found 0 plugins.
Preloading 0 native plugins for Editor in 0.00 ms.
Unloading 1155 Unused Serialized files (Serialized files now loaded: 0)
System memory in use before: 130.2 MB.
System memory in use after: 130.2 MB.

Unloading 5 unused Assets to reduce memory usage. Loaded Objects now: 1626.
Total: 1.565400 ms (FindLiveObjects: 0.172600 ms CreateObjectMapping: 0.026700 ms MarkObjects: 1.310800 ms  DeleteObjects: 0.054200 ms)

========================================================================
Received Import Request.
  Time since last request: 430.790463 seconds.
  path: Assets/Scripts/UI/ExitScript.cs
  artifactKey: Guid(ce0c39ff079c7c24baab2554b446ce48) Importer(815301076,1909f56bfc062723c751e8b465ee728b)
Start importing Assets/Scripts/UI/ExitScript.cs using Guid(ce0c39ff079c7c24baab2554b446ce48) Importer(815301076,1909f56bfc062723c751e8b465ee728b)  -> (artifact id: '4ceb483037826e549227fbe4277db5ac') in 0.073107 seconds
  Import took 0.075183 seconds .

========================================================================
Received Prepare
Registering precompiled user dll's ...
Registered in 0.000602 seconds.
Begin MonoManager ReloadAssembly
Native extension for WindowsStandalone target not found
Refreshing native plugins compatible for Editor in 0.25 ms, found 0 plugins.
Preloading 0 native plugins for Editor in 0.00 ms.
Invoked RoslynAnalysisRunner static constructor.
RoslynAnalysisRunner will not be running.
RoslynAnalysisRunner has terminated.
Mono: successfully reloaded assembly
- Completed reload, in  0.638 seconds
Platform modules already initialized, skipping
Refreshing native plugins compatible for Editor in 0.25 ms, found 0 plugins.
Preloading 0 native plugins for Editor in 0.00 ms.
Unloading 1156 Unused Serialized files (Serialized files now loaded: 0)
System memory in use before: 130.2 MB.
System memory in use after: 130.3 MB.

Unloading 5 unused Assets to reduce memory usage. Loaded Objects now: 1630.
Total: 1.759100 ms (FindLiveObjects: 0.178000 ms CreateObjectMapping: 0.030000 ms MarkObjects: 1.487900 ms  DeleteObjects: 0.062100 ms)

========================================================================
Received Prepare
Registering precompiled user dll's ...
Registered in 0.000746 seconds.
Begin MonoManager ReloadAssembly
Native extension for WindowsStandalone target not found
Refreshing native plugins compatible for Editor in 0.27 ms, found 0 plugins.
Preloading 0 native plugins for Editor in 0.00 ms.
Invoked RoslynAnalysisRunner static constructor.
RoslynAnalysisRunner will not be running.
RoslynAnalysisRunner has terminated.
Mono: successfully reloaded assembly
- Completed reload, in  0.639 seconds
Platform modules already initialized, skipping
Refreshing native plugins compatible for Editor in 0.25 ms, found 0 plugins.
Preloading 0 native plugins for Editor in 0.00 ms.
Unloading 1156 Unused Serialized files (Serialized files now loaded: 0)
System memory in use before: 130.2 MB.
System memory in use after: 130.3 MB.

Unloading 5 unused Assets to reduce memory usage. Loaded Objects now: 1633.
Total: 1.539400 ms (FindLiveObjects: 0.176400 ms CreateObjectMapping: 0.025600 ms MarkObjects: 1.287700 ms  DeleteObjects: 0.048800 ms)

========================================================================
Received Import Request.
  Time since last request: 136.132474 seconds.
  path: Assets/Scripts/UI/ExitScript.cs
  artifactKey: Guid(ce0c39ff079c7c24baab2554b446ce48) Importer(815301076,1909f56bfc062723c751e8b465ee728b)
Start importing Assets/Scripts/UI/ExitScript.cs using Guid(ce0c39ff079c7c24baab2554b446ce48) Importer(815301076,1909f56bfc062723c751e8b465ee728b)  -> (artifact id: '7cdd9dc857aff68d4bc327f27ed394b8') in 0.007095 seconds
  Import took 0.009026 seconds .

========================================================================
Received Prepare
Registering precompiled user dll's ...
Registered in 0.000766 seconds.
Begin MonoManager ReloadAssembly
Native extension for WindowsStandalone target not found
Refreshing native plugins compatible for Editor in 0.26 ms, found 0 plugins.
Preloading 0 native plugins for Editor in 0.00 ms.
Invoked RoslynAnalysisRunner static constructor.
RoslynAnalysisRunner will not be running.
RoslynAnalysisRunner has terminated.
Mono: successfully reloaded assembly
- Completed reload, in  0.630 seconds
Platform modules already initialized, skipping
Refreshing native plugins compatible for Editor in 0.26 ms, found 0 plugins.
Preloading 0 native plugins for Editor in 0.00 ms.
Unloading 1156 Unused Serialized files (Serialized files now loaded: 0)
System memory in use before: 130.2 MB.
System memory in use after: 130.3 MB.

Unloading 5 unused Assets to reduce memory usage. Loaded Objects now: 1636.
Total: 1.639800 ms (FindLiveObjects: 0.211800 ms CreateObjectMapping: 0.029800 ms MarkObjects: 1.344400 ms  DeleteObjects: 0.052700 ms)

========================================================================
Received Prepare
Registering precompiled user dll's ...
Registered in 0.000606 seconds.
Begin MonoManager ReloadAssembly
Native extension for WindowsStandalone target not found
Refreshing native plugins compatible for Editor in 0.26 ms, found 0 plugins.
Preloading 0 native plugins for Editor in 0.00 ms.
Invoked RoslynAnalysisRunner static constructor.
RoslynAnalysisRunner will not be running.
RoslynAnalysisRunner has terminated.
Mono: successfully reloaded assembly
- Completed reload, in  0.656 seconds
Platform modules already initialized, skipping
Refreshing native plugins compatible for Editor in 0.26 ms, found 0 plugins.
Preloading 0 native plugins for Editor in 0.00 ms.
Unloading 1156 Unused Serialized files (Serialized files now loaded: 0)
System memory in use before: 130.2 MB.
System memory in use after: 130.3 MB.

Unloading 5 unused Assets to reduce memory usage. Loaded Objects now: 1639.
Total: 1.712900 ms (FindLiveObjects: 0.186500 ms CreateObjectMapping: 0.027000 ms MarkObjects: 1.434200 ms  DeleteObjects: 0.064100 ms)

========================================================================
Received Prepare
Registering precompiled user dll's ...
Registered in 0.000615 seconds.
Begin MonoManager ReloadAssembly
Native extension for WindowsStandalone target not found
Refreshing native plugins compatible for Editor in 0.29 ms, found 0 plugins.
Preloading 0 native plugins for Editor in 0.00 ms.
Invoked RoslynAnalysisRunner static constructor.
RoslynAnalysisRunner will not be running.
RoslynAnalysisRunner has terminated.
Mono: successfully reloaded assembly
- Completed reload, in  0.660 seconds
Platform modules already initialized, skipping
Refreshing native plugins compatible for Editor in 0.27 ms, found 0 plugins.
Preloading 0 native plugins for Editor in 0.00 ms.
Unloading 1156 Unused Serialized files (Serialized files now loaded: 0)
System memory in use before: 130.2 MB.
System memory in use after: 130.3 MB.

Unloading 5 unused Assets to reduce memory usage. Loaded Objects now: 1642.
Total: 1.743900 ms (FindLiveObjects: 0.202800 ms CreateObjectMapping: 0.026400 ms MarkObjects: 1.452800 ms  DeleteObjects: 0.060700 ms)

========================================================================
Received Prepare
Registering precompiled user dll's ...
Registered in 0.000818 seconds.
Begin MonoManager ReloadAssembly
Native extension for WindowsStandalone target not found
Refreshing native plugins compatible for Editor in 0.25 ms, found 0 plugins.
Preloading 0 native plugins for Editor in 0.00 ms.
Invoked RoslynAnalysisRunner static constructor.
RoslynAnalysisRunner will not be running.
RoslynAnalysisRunner has terminated.
Mono: successfully reloaded assembly
- Completed reload, in  0.639 seconds
Platform modules already initialized, skipping
Refreshing native plugins compatible for Editor in 0.25 ms, found 0 plugins.
Preloading 0 native plugins for Editor in 0.00 ms.
Unloading 1156 Unused Serialized files (Serialized files now loaded: 0)
System memory in use before: 130.2 MB.
System memory in use after: 130.3 MB.

Unloading 5 unused Assets to reduce memory usage. Loaded Objects now: 1645.
Total: 1.688400 ms (FindLiveObjects: 0.183800 ms CreateObjectMapping: 0.028800 ms MarkObjects: 1.424100 ms  DeleteObjects: 0.050600 ms)

========================================================================
Received Prepare
Registering precompiled user dll's ...
Registered in 0.000618 seconds.
Begin MonoManager ReloadAssembly
Native extension for WindowsStandalone target not found
Refreshing native plugins compatible for Editor in 0.25 ms, found 0 plugins.
Preloading 0 native plugins for Editor in 0.00 ms.
Invoked RoslynAnalysisRunner static constructor.
RoslynAnalysisRunner will not be running.
RoslynAnalysisRunner has terminated.
Mono: successfully reloaded assembly
- Completed reload, in  0.662 seconds
Platform modules already initialized, skipping
Refreshing native plugins compatible for Editor in 0.25 ms, found 0 plugins.
Preloading 0 native plugins for Editor in 0.00 ms.
Unloading 1156 Unused Serialized files (Serialized files now loaded: 0)
System memory in use before: 130.2 MB.
System memory in use after: 130.3 MB.

Unloading 5 unused Assets to reduce memory usage. Loaded Objects now: 1648.
Total: 2.101800 ms (FindLiveObjects: 0.225600 ms CreateObjectMapping: 0.032700 ms MarkObjects: 1.770500 ms  DeleteObjects: 0.071200 ms)

========================================================================
Received Import Request.
  Time since last request: 1733.966827 seconds.
  path: Assets/Obstaculos/3/Texturas/Obstaculo1_lambert1_Emissive.png
  artifactKey: Guid(579d87aa16fcfd54790cf4262959b1fb) Importer(815301076,1909f56bfc062723c751e8b465ee728b)
Start importing Assets/Obstaculos/3/Texturas/Obstaculo1_lambert1_Emissive.png using Guid(579d87aa16fcfd54790cf4262959b1fb) Importer(815301076,1909f56bfc062723c751e8b465ee728b)  -> (artifact id: 'b46f532c853750f786bd84358b087db6') in 0.188585 seconds
  Import took 0.190928 seconds .

========================================================================
Received Import Request.
  Time since last request: 0.000200 seconds.
  path: Assets/Obstaculos/3/Texturas/Obstaculo1_lambert1_Roughness.png
  artifactKey: Guid(da48e0230d6336c4c87f2728112a5dbd) Importer(815301076,1909f56bfc062723c751e8b465ee728b)
Start importing Assets/Obstaculos/3/Texturas/Obstaculo1_lambert1_Roughness.png using Guid(da48e0230d6336c4c87f2728112a5dbd) Importer(815301076,1909f56bfc062723c751e8b465ee728b)  -> (artifact id: '07aa14bb17abf9ae69ac49b7ebbcc9b6') in 0.157933 seconds
  Import took 0.159750 seconds .

========================================================================
Received Import Request.
  Time since last request: 0.000192 seconds.
  path: Assets/Obstaculos/2/Texturas/Obstaculo2_lambert1_Roughness.png
  artifactKey: Guid(54bb888afb1ae8242a2b7f8c2c5de2cd) Importer(815301076,1909f56bfc062723c751e8b465ee728b)
Start importing Assets/Obstaculos/2/Texturas/Obstaculo2_lambert1_Roughness.png using Guid(54bb888afb1ae8242a2b7f8c2c5de2cd) Importer(815301076,1909f56bfc062723c751e8b465ee728b)  -> (artifact id: 'fbbc79c64e4617cd8188d358b71fdfcf') in 0.169359 seconds
  Import took 0.171104 seconds .

========================================================================
Received Import Request.
  Time since last request: 0.000204 seconds.
  path: Assets/Obstaculos/3/Texturas/Obstaculo1_lambert1_Roughness.png
  artifactKey: Guid(da48e0230d6336c4c87f2728112a5dbd) Importer(815301076,1909f56bfc062723c751e8b465ee728b)
Start importing Assets/Obstaculos/3/Texturas/Obstaculo1_lambert1_Roughness.png using Guid(da48e0230d6336c4c87f2728112a5dbd) Importer(815301076,1909f56bfc062723c751e8b465ee728b)  -> (artifact id: '07aa14bb17abf9ae69ac49b7ebbcc9b6') in 0.066273 seconds
  Import took 0.068120 seconds .

========================================================================
Received Import Request.
  Time since last request: 0.000170 seconds.
  path: Assets/Obstaculos/2/Texturas/Obstaculo2_lambert1_BaseColor.png
  artifactKey: Guid(5a6e810ee03b85346a6bae87a7a9efc4) Importer(815301076,1909f56bfc062723c751e8b465ee728b)
Start importing Assets/Obstaculos/2/Texturas/Obstaculo2_lambert1_BaseColor.png using Guid(5a6e810ee03b85346a6bae87a7a9efc4) Importer(815301076,1909f56bfc062723c751e8b465ee728b)  -> (artifact id: 'cd82b0502d649774791df89554909a62') in 0.060152 seconds
  Import took 0.072805 seconds .

========================================================================
Received Import Request.
  Time since last request: 23.905560 seconds.
  path: Assets/Materiales/Zaxxonicon.png
  artifactKey: Guid(4cb43add2d3045b41b0e7cd4fe0f8a91) Importer(815301076,1909f56bfc062723c751e8b465ee728b)
Start importing Assets/Materiales/Zaxxonicon.png using Guid(4cb43add2d3045b41b0e7cd4fe0f8a91) Importer(815301076,1909f56bfc062723c751e8b465ee728b)  -> (artifact id: 'fd9b8263c8fde73e9892f845b12f9754') in 0.009546 seconds
  Import took 0.058085 seconds .

========================================================================
Received Import Request.
  Time since last request: 9.233994 seconds.
  path: Assets/Materiales/Zaxxonicon.png
  artifactKey: Guid(4cb43add2d3045b41b0e7cd4fe0f8a91) Importer(815301076,1909f56bfc062723c751e8b465ee728b)
Start importing Assets/Materiales/Zaxxonicon.png using Guid(4cb43add2d3045b41b0e7cd4fe0f8a91) Importer(815301076,1909f56bfc062723c751e8b465ee728b)  -> (artifact id: '0a39db49a863f41f4bda2672b375c000') in 0.325813 seconds
  Import took 0.327923 seconds .

========================================================================
Received Prepare
Refreshing native plugins compatible for Editor in 0.59 ms, found 0 plugins.
Preloading 0 native plugins for Editor in 0.00 ms.
Unloading 3 Unused Serialized files (Serialized files now loaded: 0)
System memory in use before: 110.6 MB.
System memory in use after: 110.7 MB.

Unloading 3 unused Assets to reduce memory usage. Loaded Objects now: 1654.
Total: 2.641400 ms (FindLiveObjects: 0.182100 ms CreateObjectMapping: 0.028600 ms MarkObjects: 2.361200 ms  DeleteObjects: 0.068300 ms)

========================================================================
Received Prepare
Refreshing native plugins compatible for Editor in 0.85 ms, found 0 plugins.
Preloading 0 native plugins for Editor in 0.00 ms.
Unloading 3 Unused Serialized files (Serialized files now loaded: 0)
System memory in use before: 111.1 MB.
System memory in use after: 111.1 MB.

Unloading 3 unused Assets to reduce memory usage. Loaded Objects now: 1654.
Total: 2.254500 ms (FindLiveObjects: 0.218900 ms CreateObjectMapping: 0.026400 ms MarkObjects: 1.942600 ms  DeleteObjects: 0.065500 ms)

========================================================================
Received Import Request.
  Time since last request: 341.450935 seconds.
  path: Assets/Scripts/Config/ConfigScript.cs
  artifactKey: Guid(977e47b88f84c3d4282fc9a9a82b37ab) Importer(815301076,1909f56bfc062723c751e8b465ee728b)
Start importing Assets/Scripts/Config/ConfigScript.cs using Guid(977e47b88f84c3d4282fc9a9a82b37ab) Importer(815301076,1909f56bfc062723c751e8b465ee728b)  -> (artifact id: '768e0f80b011985775fc6dfe5747af02') in 0.006236 seconds
  Import took 0.112925 seconds .

========================================================================
Received Prepare
Registering precompiled user dll's ...
Registered in 0.000627 seconds.
Begin MonoManager ReloadAssembly
Native extension for WindowsStandalone target not found
Refreshing native plugins compatible for Editor in 0.25 ms, found 0 plugins.
Preloading 0 native plugins for Editor in 0.00 ms.
Invoked RoslynAnalysisRunner static constructor.
RoslynAnalysisRunner will not be running.
RoslynAnalysisRunner has terminated.
Mono: successfully reloaded assembly
- Completed reload, in  0.648 seconds
Platform modules already initialized, skipping
Refreshing native plugins compatible for Editor in 0.25 ms, found 0 plugins.
Preloading 0 native plugins for Editor in 0.00 ms.
Unloading 1156 Unused Serialized files (Serialized files now loaded: 0)
System memory in use before: 133.8 MB.
System memory in use after: 133.8 MB.

Unloading 5 unused Assets to reduce memory usage. Loaded Objects now: 1657.
Total: 1.662400 ms (FindLiveObjects: 0.199600 ms CreateObjectMapping: 0.028100 ms MarkObjects: 1.373000 ms  DeleteObjects: 0.060300 ms)

========================================================================
Received Prepare
Registering precompiled user dll's ...
Registered in 0.000631 seconds.
Begin MonoManager ReloadAssembly
Native extension for WindowsStandalone target not found
Refreshing native plugins compatible for Editor in 0.26 ms, found 0 plugins.
Preloading 0 native plugins for Editor in 0.00 ms.
Invoked RoslynAnalysisRunner static constructor.
RoslynAnalysisRunner will not be running.
RoslynAnalysisRunner has terminated.
Mono: successfully reloaded assembly
- Completed reload, in  0.998 seconds
Platform modules already initialized, skipping
Refreshing native plugins compatible for Editor in 0.26 ms, found 0 plugins.
Preloading 0 native plugins for Editor in 0.00 ms.
Unloading 1156 Unused Serialized files (Serialized files now loaded: 0)
System memory in use before: 133.8 MB.
System memory in use after: 133.8 MB.

Unloading 5 unused Assets to reduce memory usage. Loaded Objects now: 1660.
Total: 1.779600 ms (FindLiveObjects: 0.206000 ms CreateObjectMapping: 0.026100 ms MarkObjects: 1.484200 ms  DeleteObjects: 0.061900 ms)

========================================================================
Received Import Request.
  Time since last request: 152.835642 seconds.
  path: Assets/Scenes/Options.unity
  artifactKey: Guid(4a8263896b7a400469b7d71ddba272b1) Importer(815301076,1909f56bfc062723c751e8b465ee728b)
Start importing Assets/Scenes/Options.unity using Guid(4a8263896b7a400469b7d71ddba272b1) Importer(815301076,1909f56bfc062723c751e8b465ee728b)  -> (artifact id: '8095458dea451ce453e7657b3d4a968b') in 0.014124 seconds
  Import took 0.016503 seconds .

========================================================================
Received Import Request.
  Time since last request: 8.557025 seconds.
  path: Assets/Scenes/Juego.unity
  artifactKey: Guid(9fc0d4010bbf28b4594072e72b8655ab) Importer(815301076,1909f56bfc062723c751e8b465ee728b)
Start importing Assets/Scenes/Juego.unity using Guid(9fc0d4010bbf28b4594072e72b8655ab) Importer(815301076,1909f56bfc062723c751e8b465ee728b)  -> (artifact id: '2b4e743cb6911f8e57225a8b154c05fb') in 0.006021 seconds
  Import took 0.101286 seconds .

========================================================================
Received Import Request.
  Time since last request: 189.310176 seconds.
  path: Assets/Scenes/HighScores.unity
  artifactKey: Guid(975a9b6d78315a144bd509ad8ba47e14) Importer(815301076,1909f56bfc062723c751e8b465ee728b)
Start importing Assets/Scenes/HighScores.unity using Guid(975a9b6d78315a144bd509ad8ba47e14) Importer(815301076,1909f56bfc062723c751e8b465ee728b)  -> (artifact id: 'b210710b2ebf3027284acbb807c30be9') in 0.371610 seconds
  Import took 0.373819 seconds .

========================================================================
Received Import Request.
  Time since last request: 87.617466 seconds.
  path: Assets/Scenes/Inicio.unity
  artifactKey: Guid(6facadab197d3874882ef3b9b6528df3) Importer(815301076,1909f56bfc062723c751e8b465ee728b)
Start importing Assets/Scenes/Inicio.unity using Guid(6facadab197d3874882ef3b9b6528df3) Importer(815301076,1909f56bfc062723c751e8b465ee728b)  -> (artifact id: '30b5e30aea9841cfd7ea864e67bf863f') in 0.020654 seconds
  Import took 0.022884 seconds .

========================================================================
Received Prepare
Registering precompiled user dll's ...
Registered in 0.000612 seconds.
Begin MonoManager ReloadAssembly
Native extension for WindowsStandalone target not found
Refreshing native plugins compatible for Editor in 0.28 ms, found 0 plugins.
Preloading 0 native plugins for Editor in 0.00 ms.
Invoked RoslynAnalysisRunner static constructor.
RoslynAnalysisRunner will not be running.
RoslynAnalysisRunner has terminated.
Mono: successfully reloaded assembly
- Completed reload, in  0.629 seconds
Platform modules already initialized, skipping
Refreshing native plugins compatible for Editor in 0.27 ms, found 0 plugins.
Preloading 0 native plugins for Editor in 0.00 ms.
Unloading 1156 Unused Serialized files (Serialized files now loaded: 0)
System memory in use before: 133.8 MB.
System memory in use after: 133.9 MB.

Unloading 5 unused Assets to reduce memory usage. Loaded Objects now: 1663.
Total: 1.707800 ms (FindLiveObjects: 0.194700 ms CreateObjectMapping: 0.029600 ms MarkObjects: 1.417800 ms  DeleteObjects: 0.063900 ms)

========================================================================
Received Prepare
Registering precompiled user dll's ...
Registered in 0.000737 seconds.
Begin MonoManager ReloadAssembly
Native extension for WindowsStandalone target not found
Refreshing native plugins compatible for Editor in 0.25 ms, found 0 plugins.
Preloading 0 native plugins for Editor in 0.00 ms.
Invoked RoslynAnalysisRunner static constructor.
RoslynAnalysisRunner will not be running.
RoslynAnalysisRunner has terminated.
Mono: successfully reloaded assembly
- Completed reload, in  0.645 seconds
Platform modules already initialized, skipping
Refreshing native plugins compatible for Editor in 0.25 ms, found 0 plugins.
Preloading 0 native plugins for Editor in 0.00 ms.
Unloading 1156 Unused Serialized files (Serialized files now loaded: 0)
System memory in use before: 133.8 MB.
System memory in use after: 133.9 MB.

Unloading 5 unused Assets to reduce memory usage. Loaded Objects now: 1666.
Total: 1.651700 ms (FindLiveObjects: 0.192300 ms CreateObjectMapping: 0.025900 ms MarkObjects: 1.378200 ms  DeleteObjects: 0.054400 ms)

========================================================================
Received Prepare
Refreshing native plugins compatible for Editor in 0.62 ms, found 0 plugins.
Preloading 0 native plugins for Editor in 0.00 ms.
Unloading 3 Unused Serialized files (Serialized files now loaded: 0)
System memory in use before: 110.9 MB.
System memory in use after: 111.0 MB.

Unloading 3 unused Assets to reduce memory usage. Loaded Objects now: 1666.
Total: 1.914000 ms (FindLiveObjects: 0.212500 ms CreateObjectMapping: 0.025500 ms MarkObjects: 1.614500 ms  DeleteObjects: 0.060100 ms)

AssetImportWorkerClient::OnTransportError - code=2 error=End of file
